生成启动时间为 2016/5/30 15:06:46。
     1>项目“C:\Users\Xvar\Documents\Visual Studio 2015\Algorithm\CgProject\CgProject\CgProject.vcxproj”在节点 2 上(Build 个目标)。
     1>Link:
         E:\Program Files (x86)\Microsoft Visual Studio 14.0\VC\bin\link.exe /ERRORREPORT:PROMPT /OUT:"C:\Users\Xvar\Documents\Visual Studio 2015\Algorithm\CgProject\Release\CgProject.exe" /NOLOGO kernel32.lib user32.lib gdi32.lib winspool.lib comdlg32.lib advapi32.lib shell32.lib ole32.lib oleaut32.lib uuid.lib odbc32.lib odbccp32.lib /MANIFEST /MANIFESTUAC:"level='asInvoker' uiAccess='false'" /manifest:embed /Debug /PDB:"C:\Users\Xvar\Documents\Visual Studio 2015\Algorithm\CgProject\Release\CgProject.pdb" /OPT:REF /OPT:ICF /LTCG:incremental /TLBID:1 /DYNAMICBASE /NXCOMPAT /IMPLIB:"C:\Users\Xvar\Documents\Visual Studio 2015\Algorithm\CgProject\Release\CgProject.lib" /MACHINE:X86 /SAFESEH Release\main.obj
         正在生成代码
         0 of 4 functions ( 0.0%) were compiled, the rest were copied from previous compilation.
           0 functions were new in current compilation
           0 functions had inline decision re-evaluated but remain unchanged
         已完成代码的生成
     1>glut32.lib(glut32.dll) : error LNK2026: 模块对于 SAFESEH 映像是不安全的。
     1>glut32.lib(glut32.dll) : error LNK2026: 模块对于 SAFESEH 映像是不安全的。
     1>glut32.lib(glut32.dll) : error LNK2026: 模块对于 SAFESEH 映像是不安全的。
     1>glut32.lib(glut32.dll) : error LNK2026: 模块对于 SAFESEH 映像是不安全的。
     1>glut32.lib(glut32.dll) : error LNK2026: 模块对于 SAFESEH 映像是不安全的。
     1>glut32.lib(glut32.dll) : error LNK2026: 模块对于 SAFESEH 映像是不安全的。
     1>glut32.lib(glut32.dll) : error LNK2026: 模块对于 SAFESEH 映像是不安全的。
     1>glut32.lib(glut32.dll) : error LNK2026: 模块对于 SAFESEH 映像是不安全的。
     1>glut32.lib(glut32.dll) : error LNK2026: 模块对于 SAFESEH 映像是不安全的。
     1>C:\Users\Xvar\Documents\Visual Studio 2015\Algorithm\CgProject\Release\CgProject.exe : fatal error LNK1281: 无法生成 SAFESEH 映像。
     1>已完成生成项目“C:\Users\Xvar\Documents\Visual Studio 2015\Algorithm\CgProject\CgProject\CgProject.vcxproj”(Build 个目标)的操作 - 失败。

生成失败。

已用时间 00:00:00.13
